#
# A fatal error has been detected by the Java Runtime Environment:
#
#  SIGBUS (0x7) at pc=0x76f2b758, pid=26577, tid=0x60d6f460
#
# JRE version: OpenJDK Runtime Environment (8.0_212-b01) (build 1.8.0_212-8u212-b01-1+rpi1-b01)
# Java VM: OpenJDK Client VM (25.212-b01 mixed mode linux-aarch32 )
# Problematic frame:
# C  [libarmmem-v7l.so+0x1758]
#
# Failed to write core dump. Core dumps have been disabled. To enable core dumping, try "ulimit -c unlimited" before starting Java again
#
# If you would like to submit a bug report, please visit:
#   http://bugreport.java.com/bugreport/crash.jsp
# The crash happened outside the Java Virtual Machine in native code.
# See problematic frame for where to report the bug.
#

---------------  T H R E A D  ---------------

Current thread (0x63408400):  JavaThread "CoapServer(main)#4" [_thread_in_native, id=26597, stack(0x60d20000,0x60d70000)]

siginfo: si_signo: 7 (SIGBUS), si_code: 2 (BUS_ADRERR), si_addr: 0x63163000

Registers:
R0=0x63a15840
R1=0x63162fdc
R2=0x0000a081
R3=0x6315f0c0
R4=0x634072f0
R5=0x63153a1b
R6=0x63043bc0
R7=0x0000e079
R8=0x63a062a0
R9=0x63a11948
R10=0x00003449
R11=0x60d6d86c
R12=0x00000064
R13=0x60d6d7f0
R14=0xc0000000
R15=0x76f2b758

Top of Stack: (sp=0x60d6d7f0)
0x60d6d7f0:   00000000 00000000 00000000 00000000
0x60d6d800:   63a11948 76f16948 00000000 7d3eea1b
0x60d6d810:   0000001b 60d6d84c 00000000 9f2927a9
0x60d6d820:   00000000 00000000 00000000 00000000
0x60d6d830:   0000e079 76f6f968 08080000 00000000
0x60d6d840:   59995600 00000000 00000041 000001e1
0x60d6d850:   f3862894 63045b40 63043bc0 634284f0
0x60d6d860:   60d6d8b0 00000041 60d6d8a4 76f17580 

Instructions: (pc=0x76f2b758)
0x76f2b738:   08 4b a0 ec 0c 20 42 e0 01 00 00 ea 02 10 41 e2
0x76f2b748:   01 9a f1 ec 3c c0 01 e2 80 c0 6c e2 69 1a f0 ee
0x76f2b758:   10 2b b1 ec 0c f0 d1 f7 42 0e b0 f2 44 2e b2 f2
0x76f2b768:   46 4e b4 f2 48 6e b6 f2 10 0b a0 ec 40 20 52 e2 

Register to memory mapping:

R0=0x63a15840 is an unknown value
R1=0x63162fdc is an unknown value
R2=0x0000a081 is an unknown value
R3=0x6315f0c0 is an unknown value
R4=0x634072f0 is an unknown value
R5=0x63153a1b is an unknown value
R6=0x63043bc0 is an unknown value
R7=0x0000e079 is an unknown value
R8=0x63a062a0 is an unknown value
R9=0x63a11948 is an unknown value
R10=0x00003449 is an unknown value
R11=0x60d6d86c is pointing into the stack for thread: 0x63408400
R12=0x00000064 is an unknown value
R13=0x60d6d7f0 is pointing into the stack for thread: 0x63408400
R14=0xc0000000 is an unknown value
R15=0x76f2b758: <offset 0x1758> in /usr/lib/arm-linux-gnueabihf/libarmmem-v7l.so at 0x76f2a000


Stack: [0x60d20000,0x60d70000],  sp=0x60d6d7f0,  free space=309k
Native frames: (J=compiled Java code, j=interpreted, Vv=VM code, C=native code)
C  [libarmmem-v7l.so+0x1758]
C  [libzip.so+0x5580]
C  [libzip.so+0x3480]  Java_java_util_zip_ZipFile_getEntry+0xa0
J 209  java.util.zip.ZipFile.getEntry(J[BZ)J (0 bytes) @ 0x7308b5b8 [0x7308b4e0+0xd8]
C  0x60d6dd74

Java frames: (J=compiled Java code, j=interpreted, Vv=VM code)
J 209  java.util.zip.ZipFile.getEntry(J[BZ)J (0 bytes) @ 0x7308b53c [0x7308b4e0+0x5c]
J 214 C1 java.util.zip.ZipFile.getEntry(Ljava/lang/String;)Ljava/util/zip/ZipEntry; (101 bytes) @ 0x7308ec2c [0x7308ea60+0x1cc]
J 213 C1 java.util.jar.JarFile.getEntry(Ljava/lang/String;)Ljava/util/zip/ZipEntry; (22 bytes) @ 0x7308e6a4 [0x7308e660+0x44]
J 188 C1 sun.misc.URLClassPath$JarLoader.getResource(Ljava/lang/String;Z)Lsun/misc/Resource; (85 bytes) @ 0x73087dc0 [0x73087d20+0xa0]
J 292 C1 sun.misc.URLClassPath.getResource(Ljava/lang/String;Z)Lsun/misc/Resource; (83 bytes) @ 0x730aae58 [0x730aade0+0x78]
j  java.net.URLClassLoader$1.run()Ljava/lang/Class;+26
j  java.net.URLClassLoader$1.run()Ljava/lang/Object;+1
v  ~StubRoutines::call_stub
j  java.security.AccessController.doPrivileged(Ljava/security/PrivilegedExceptionAction;Ljava/security/AccessControlContext;)Ljava/lang/Object;+0
j  java.net.URLClassLoader.findClass(Ljava/lang/String;)Ljava/lang/Class;+13
j  java.lang.ClassLoader.loadClass(Ljava/lang/String;Z)Ljava/lang/Class;+70
j  sun.misc.Launcher$AppClassLoader.loadClass(Ljava/lang/String;Z)Ljava/lang/Class;+81
j  java.lang.ClassLoader.loadClass(Ljava/lang/String;)Ljava/lang/Class;+3
v  ~StubRoutines::call_stub
j  org.eclipse.californium.core.network.stack.BlockwiseLayer.receiveResponse(Lorg/eclipse/californium/core/network/Exchange;Lorg/eclipse/californium/core/coap/Response;)V+24
j  org.eclipse.californium.core.network.stack.ReliabilityLayer.receiveResponse(Lorg/eclipse/californium/core/network/Exchange;Lorg/eclipse/californium/core/coap/Response;)V+241
j  org.eclipse.californium.core.network.stack.AbstractLayer.receiveResponse(Lorg/eclipse/californium/core/network/Exchange;Lorg/eclipse/californium/core/coap/Response;)V+6
j  org.eclipse.californium.core.network.stack.BaseCoapStack.receiveResponse(Lorg/eclipse/californium/core/network/Exchange;Lorg/eclipse/californium/core/coap/Response;)V+6
j  org.eclipse.californium.core.network.CoapEndpoint$1.receiveResponse(Lorg/eclipse/californium/core/network/Exchange;Lorg/eclipse/californium/core/coap/Response;)V+62
j  org.eclipse.californium.core.network.UdpMatcher$4.run()V+535
j  org.eclipse.californium.elements.util.SerialExecutor$1.run()V+11
j  java.util.concurrent.ThreadPoolExecutor.runWorker(Ljava/util/concurrent/ThreadPoolExecutor$Worker;)V+95
j  java.util.concurrent.ThreadPoolExecutor$Worker.run()V+5
j  java.lang.Thread.run()V+11
v  ~StubRoutines::call_stub

---------------  P R O C E S S  ---------------

Java Threads: ( => current thread )
  0x63215c00 JavaThread "Thread-5" [_thread_blocked, id=27056, stack(0x60c80000,0x60cd0000)]
  0x6340e400 JavaThread "SIGINT handler" daemon [_thread_blocked, id=27055, stack(0x60cd0000,0x60d20000)]
  0x63b05800 JavaThread "UDP-Sender-0.0.0.0/0.0.0.0:0[0]" daemon [_thread_blocked, id=26605, stack(0x60dc0000,0x60e10000)]
  0x63b05000 JavaThread "UDP-Receiver-0.0.0.0/0.0.0.0:0[0]" daemon [_thread_in_native, id=26604, stack(0x60e10000,0x60e60000)]
=>0x63408400 JavaThread "CoapServer(main)#4" [_thread_in_native, id=26597, stack(0x60d20000,0x60d70000)]
  0x6100d000 JavaThread "CoapServer(main)#3" [_thread_blocked, id=26593, stack(0x60f60000,0x60fb0000)]
  0x6100b400 JavaThread "CoapServer(main)#2" [_thread_blocked, id=26592, stack(0x60fb0000,0x61000000)]
  0x6100a400 JavaThread "CoapServer(main)#1" [_thread_blocked, id=26591, stack(0x61110000,0x61160000)]
  0x630de400 JavaThread "Device-Current Time" [_thread_blocked, id=26590, stack(0x61160000,0x611b0000)]
  0x630dc800 JavaThread "Device-Current Time" [_thread_blocked, id=26589, stack(0x611b0000,0x61200000)]
  0x630db400 JavaThread "Device-Current Time" [_thread_blocked, id=26588, stack(0x6130f000,0x6135f000)]
  0x630d9400 JavaThread "Device-Current Time" [_thread_blocked, id=26587, stack(0x6135f000,0x613af000)]
  0x630d7c00 JavaThread "ACL-Current Time" [_thread_blocked, id=26586, stack(0x613af000,0x613ff000)]
  0x74f84000 JavaThread "Service Thread" daemon [_thread_blocked, id=26584, stack(0x63c10000,0x63c60000)]
  0x74f81c00 JavaThread "C1 CompilerThread0" daemon [_thread_blocked, id=26583, stack(0x63506000,0x63586000)]
  0x74f80400 JavaThread "Signal Dispatcher" daemon [_thread_blocked, id=26582, stack(0x63c60000,0x63cb0000)]
  0x74f65000 JavaThread "Finalizer" daemon [_thread_blocked, id=26581, stack(0x63cb0000,0x63d00000)]
  0x74f63000 JavaThread "Reference Handler" daemon [_thread_blocked, id=26580, stack(0x63e1d000,0x63e6d000)]
  0x74f07800 JavaThread "main" [_thread_in_native, id=26578, stack(0x7509b000,0x750eb000)]

Other Threads:
  0x74f5d800 VMThread [stack: 0x63e6e000,0x63eee000] [id=26579]
  0x74f85c00 WatcherThread [stack: 0x63180000,0x63200000] [id=26585]

VM state:not at safepoint (normal execution)

VM Mutex/Monitor currently owned by a thread: None

Heap:
 def new generation   total 4928K, used 3551K [0x64600000, 0x64b50000, 0x69350000)
  eden space 4416K,  68% used [0x64600000, 0x648f7c08, 0x64a50000)
  from space 512K, 100% used [0x64ad0000, 0x64b50000, 0x64b50000)
  to   space 512K,   0% used [0x64a50000, 0x64a50000, 0x64ad0000)
 tenured generation   total 10944K, used 2509K [0x69350000, 0x69e00000, 0x72e00000)
   the space 10944K,  22% used [0x69350000, 0x695c3400, 0x695c3400, 0x69e00000)
 Metaspace       used 5325K, capacity 5380K, committed 5400K, reserved 5424K

Card table byte_map: [0x72e0b000,0x72e80000] byte_map_base: 0x72ae8000

Polling page: 0x76f6a000

CodeCache: size=32768Kb used=1861Kb max_used=1861Kb free=30906Kb
 bounds [0x72f00000, 0x730d8000, 0x74f00000]
 total_blobs=575 nmethods=413 adapters=93
 compilation: enabled

Compilation events (10 events):
Event: 3649.650 Thread 0x74f81c00  413             java.lang.AbstractStringBuilder::append (144 bytes)
Event: 3649.654 Thread 0x74f81c00 nmethod 413 0x730d0148 code [0x730d0320, 0x730d0a00]
Event: 3701.202 Thread 0x74f81c00  414             java.util.concurrent.ThreadPoolExecutor::runStateOf (5 bytes)
Event: 3701.202 Thread 0x74f81c00 nmethod 414 0x730d0fc8 code [0x730d10a0, 0x730d113c]
Event: 3740.162 Thread 0x74f81c00  415             org.slf4j.impl.SimpleLogger::isLevelEnabled (14 bytes)
Event: 3740.164 Thread 0x74f81c00 nmethod 415 0x730d1188 code [0x730d1280, 0x730d135c]
Event: 3757.100 Thread 0x74f81c00  416             java.util.Collections$UnmodifiableCollection$1::hasNext (10 bytes)
Event: 3757.101 Thread 0x74f81c00 nmethod 416 0x730d13c8 code [0x730d14c0, 0x730d15b0]
Event: 3911.716 Thread 0x74f81c00  417             java.util.Formatter$Flags::valueOf (5 bytes)
Event: 3911.717 Thread 0x74f81c00 nmethod 417 0x730d1608 code [0x730d1700, 0x730d17bc]

GC Heap History (10 events):
Event: 1.047 GC heap before
{Heap before GC invocations=0 (full 0):
 def new generation   total 4928K, used 4416K [0x64600000, 0x64b50000, 0x69350000)
  eden space 4416K, 100% used [0x64600000, 0x64a50000, 0x64a50000)
  from space 512K,   0% used [0x64a50000, 0x64a50000, 0x64ad0000)
  to   space 512K,   0% used [0x64ad0000, 0x64ad0000, 0x64b50000)
 tenured generation   total 10944K, used 0K [0x69350000, 0x69e00000, 0x72e00000)
   the space 10944K,   0% used [0x69350000, 0x69350000, 0x69350200, 0x69e00000)
 Metaspace       used 3639K, capacity 3682K, committed 3736K, reserved 4400K
Event: 1.062 GC heap after
Heap after GC invocations=1 (full 0):
 def new generation   total 4928K, used 512K [0x64600000, 0x64b50000, 0x69350000)
  eden space 4416K,   0% used [0x64600000, 0x64600000, 0x64a50000)
  from space 512K, 100% used [0x64ad0000, 0x64b50000, 0x64b50000)
  to   space 512K,   0% used [0x64a50000, 0x64a50000, 0x64ad0000)
 tenured generation   total 10944K, used 771K [0x69350000, 0x69e00000, 0x72e00000)
   the space 10944K,   7% used [0x69350000, 0x69410fe0, 0x69411000, 0x69e00000)
 Metaspace       used 3639K, capacity 3682K, committed 3736K, reserved 4400K
}
Event: 1.353 GC heap before
{Heap before GC invocations=1 (full 0):
 def new generation   total 4928K, used 4928K [0x64600000, 0x64b50000, 0x69350000)
  eden space 4416K, 100% used [0x64600000, 0x64a50000, 0x64a50000)
  from space 512K, 100% used [0x64ad0000, 0x64b50000, 0x64b50000)
  to   space 512K,   0% used [0x64a50000, 0x64a50000, 0x64ad0000)
 tenured generation   total 10944K, used 771K [0x69350000, 0x69e00000, 0x72e00000)
   the space 10944K,   7% used [0x69350000, 0x69410fe0, 0x69411000, 0x69e00000)
 Metaspace       used 3691K, capacity 3716K, committed 3736K, reserved 4400K
Event: 1.362 GC heap after
Heap after GC invocations=2 (full 0):
 def new generation   total 4928K, used 364K [0x64600000, 0x64b50000, 0x69350000)
  eden space 4416K,   0% used [0x64600000, 0x64600000, 0x64a50000)
  from space 512K,  71% used [0x64a50000, 0x64aab170, 0x64ad0000)
  to   space 512K,   0% used [0x64ad0000, 0x64ad0000, 0x64b50000)
 tenured generation   total 10944K, used 1277K [0x69350000, 0x69e00000, 0x72e00000)
   the space 10944K,  11% used [0x69350000, 0x6948f740, 0x6948f800, 0x69e00000)
 Metaspace       used 3691K, capacity 3716K, committed 3736K, reserved 4400K
}
Event: 1.586 GC heap before
{Heap before GC invocations=2 (full 0):
 def new generation   total 4928K, used 4780K [0x64600000, 0x64b50000, 0x69350000)
  eden space 4416K, 100% used [0x64600000, 0x64a50000, 0x64a50000)
  from space 512K,  71% used [0x64a50000, 0x64aab170, 0x64ad0000)
  to   space 512K,   0% used [0x64ad0000, 0x64ad0000, 0x64b50000)
 tenured generation   total 10944K, used 1277K [0x69350000, 0x69e00000, 0x72e00000)
   the space 10944K,  11% used [0x69350000, 0x6948f740, 0x6948f800, 0x69e00000)
 Metaspace       used 3711K, capacity 3748K, committed 3864K, reserved 4400K
Event: 1.592 GC heap after
Heap after GC invocations=3 (full 0):
 def new generation   total 4928K, used 438K [0x64600000, 0x64b50000, 0x69350000)
  eden space 4416K,   0% used [0x64600000, 0x64600000, 0x64a50000)
  from space 512K,  85% used [0x64ad0000, 0x64b3d9c0, 0x64b50000)
  to   space 512K,   0% used [0x64a50000, 0x64a50000, 0x64ad0000)
 tenured generation   total 10944K, used 1420K [0x69350000, 0x69e00000, 0x72e00000)
   the space 10944K,  12% used [0x69350000, 0x694b32d8, 0x694b3400, 0x69e00000)
 Metaspace       used 3711K, capacity 3748K, committed 3864K, reserved 4400K
}
Event: 1.954 GC heap before
{Heap before GC invocations=3 (full 0):
 def new generation   total 4928K, used 4854K [0x64600000, 0x64b50000, 0x69350000)
  eden space 4416K, 100% used [0x64600000, 0x64a50000, 0x64a50000)
  from space 512K,  85% used [0x64ad0000, 0x64b3d9c0, 0x64b50000)
  to   space 512K,   0% used [0x64a50000, 0x64a50000, 0x64ad0000)
 tenured generation   total 10944K, used 1420K [0x69350000, 0x69e00000, 0x72e00000)
   the space 10944K,  12% used [0x69350000, 0x694b32d8, 0x694b3400, 0x69e00000)
 Metaspace       used 4616K, capacity 4644K, committed 4760K, reserved 5424K
Event: 1.965 GC heap after
Heap after GC invocations=4 (full 0):
 def new generation   total 4928K, used 512K [0x64600000, 0x64b50000, 0x69350000)
  eden space 4416K,   0% used [0x64600000, 0x64600000, 0x64a50000)
  from space 512K, 100% used [0x64a50000, 0x64ad0000, 0x64ad0000)
  to   space 512K,   0% used [0x64ad0000, 0x64ad0000, 0x64b50000)
 tenured generation   total 10944K, used 2074K [0x69350000, 0x69e00000, 0x72e00000)
   the space 10944K,  18% used [0x69350000, 0x695569a8, 0x69556a00, 0x69e00000)
 Metaspace       used 4616K, capacity 4644K, committed 4760K, reserved 5424K
}
Event: 607.257 GC heap before
{Heap before GC invocations=4 (full 0):
 def new generation   total 4928K, used 4928K [0x64600000, 0x64b50000, 0x69350000)
  eden space 4416K, 100% used [0x64600000, 0x64a50000, 0x64a50000)
  from space 512K, 100% used [0x64a50000, 0x64ad0000, 0x64ad0000)
  to   space 512K,   0% used [0x64ad0000, 0x64ad0000, 0x64b50000)
 tenured generation   total 10944K, used 2074K [0x69350000, 0x69e00000, 0x72e00000)
   the space 10944K,  18% used [0x69350000, 0x695569a8, 0x69556a00, 0x69e00000)
 Metaspace       used 5255K, capacity 5284K, committed 5400K, reserved 5424K
Event: 607.280 GC heap after
Heap after GC invocations=5 (full 0):
 def new generation   total 4928K, used 512K [0x64600000, 0x64b50000, 0x69350000)
  eden space 4416K,   0% used [0x64600000, 0x64600000, 0x64a50000)
  from space 512K, 100% used [0x64ad0000, 0x64b50000, 0x64b50000)
  to   space 512K,   0% used [0x64a50000, 0x64a50000, 0x64ad0000)
 tenured generation   total 10944K, used 2509K [0x69350000, 0x69e00000, 0x72e00000)
   the space 10944K,  22% used [0x69350000, 0x695c3400, 0x695c3400, 0x69e00000)
 Metaspace       used 5255K, capacity 5284K, committed 5400K, reserved 5424K
}

Deoptimization events (0 events):
No events

Classes redefined (0 events):
No events

Internal exceptions (10 events):
Event: 0.305 Thread 0x74f07800 Exception <a 'java/security/PrivilegedActionException'> (0x646555c8) thrown at [/openjdk-8-8u212-b01/src/hotspot/src/share/vm/prims/jvm.cpp, line 1502]
Event: 0.305 Thread 0x74f07800 Exception <a 'java/security/PrivilegedActionException'> (0x646557c8) thrown at [/openjdk-8-8u212-b01/src/hotspot/src/share/vm/prims/jvm.cpp, line 1502]
Event: 0.385 Thread 0x74f07800 Exception <a 'java/security/PrivilegedActionException'> (0x646ca7a8) thrown at [/openjdk-8-8u212-b01/src/hotspot/src/share/vm/prims/jvm.cpp, line 1502]
Event: 0.385 Thread 0x74f07800 Exception <a 'java/security/PrivilegedActionException'> (0x646ca9a8) thrown at [/openjdk-8-8u212-b01/src/hotspot/src/share/vm/prims/jvm.cpp, line 1502]
Event: 0.387 Thread 0x74f07800 Exception <a 'java/security/PrivilegedActionException'> (0x646cc830) thrown at [/openjdk-8-8u212-b01/src/hotspot/src/share/vm/prims/jvm.cpp, line 1502]
Event: 0.387 Thread 0x74f07800 Exception <a 'java/security/PrivilegedActionException'> (0x646cca30) thrown at [/openjdk-8-8u212-b01/src/hotspot/src/share/vm/prims/jvm.cpp, line 1502]
Event: 0.387 Thread 0x74f07800 Exception <a 'java/security/PrivilegedActionException'> (0x646cd478) thrown at [/openjdk-8-8u212-b01/src/hotspot/src/share/vm/prims/jvm.cpp, line 1502]
Event: 0.387 Thread 0x74f07800 Exception <a 'java/security/PrivilegedActionException'> (0x646cd678) thrown at [/openjdk-8-8u212-b01/src/hotspot/src/share/vm/prims/jvm.cpp, line 1502]
Event: 50.679 Thread 0x61047000 Exception <a 'java/net/SocketException': Socket closed> (0x64794198) thrown at [/openjdk-8-8u212-b01/src/hotspot/src/share/vm/prims/jni.cpp, line 736]
Event: 51.198 Thread 0x63b05000 Exception <a 'java/net/SocketException': Socket closed> (0x649c8ed0) thrown at [/openjdk-8-8u212-b01/src/hotspot/src/share/vm/prims/jni.cpp, line 736]

Events (10 events):
Event: 4040.450 loading class java/util/IdentityHashMap$KeyIterator
Event: 4040.450 loading class java/util/IdentityHashMap$IdentityHashMapIterator
Event: 4040.452 loading class java/util/IdentityHashMap$IdentityHashMapIterator done
Event: 4040.452 loading class java/util/IdentityHashMap$KeyIterator done
Event: 4040.453 Thread 0x63215c00 Thread added: 0x63215c00
Event: 4040.456 Thread 0x61049400 Thread exited: 0x61049400
Event: 4040.460 Executing VM operation: RevokeBias
Event: 4040.461 Executing VM operation: RevokeBias done
Event: 4040.640 loading class org/eclipse/californium/core/network/stack/BlockwiseLayer$7
Event: 4040.640 loading class org/eclipse/californium/core/network/stack/BlockwiseLayer$7 done


Dynamic libraries:
00010000-00011000 r-xp 00000000 b3:02 529684     /usr/lib/jvm/java-8-openjdk-armhf/jre/bin/java
00020000-00021000 r--p 00000000 b3:02 529684     /usr/lib/jvm/java-8-openjdk-armhf/jre/bin/java
00021000-00022000 rw-p 00001000 b3:02 529684     /usr/lib/jvm/java-8-openjdk-armhf/jre/bin/java
00feb000-0100c000 rw-p 00000000 00:00 0          [heap]
60c80000-60c83000 ---p 00000000 00:00 0 
60c83000-60cd0000 rw-p 00000000 00:00 0 
60cd0000-60cd3000 ---p 00000000 00:00 0 
60cd3000-60d20000 rw-p 00000000 00:00 0 
60d20000-60d23000 ---p 00000000 00:00 0 
60d23000-60d70000 rw-p 00000000 00:00 0 
60d70000-60d73000 ---p 00000000 00:00 0 
60d73000-60dc0000 rw-p 00000000 00:00 0 
60dc0000-60dc3000 ---p 00000000 00:00 0 
60dc3000-60e10000 rw-p 00000000 00:00 0 
60e10000-60e13000 ---p 00000000 00:00 0 
60e13000-60f60000 rw-p 00000000 00:00 0 
60f60000-60f63000 ---p 00000000 00:00 0 
60f63000-60fb0000 rw-p 00000000 00:00 0 
60fb0000-60fb3000 ---p 00000000 00:00 0 
60fb3000-61000000 rw-p 00000000 00:00 0 
61000000-61053000 rw-p 00000000 00:00 0 
61053000-61100000 ---p 00000000 00:00 0 
61110000-61113000 ---p 00000000 00:00 0 
61113000-61160000 rw-p 00000000 00:00 0 
61160000-61163000 ---p 00000000 00:00 0 
61163000-611b0000 rw-p 00000000 00:00 0 
611b0000-611b3000 ---p 00000000 00:00 0 
611b3000-61200000 rw-p 00000000 00:00 0 
61200000-6122c000 rw-p 00000000 00:00 0 
6122c000-61300000 ---p 00000000 00:00 0 
6130f000-61312000 ---p 00000000 00:00 0 
61312000-6135f000 rw-p 00000000 00:00 0 
6135f000-61362000 ---p 00000000 00:00 0 
61362000-613af000 rw-p 00000000 00:00 0 
613af000-613b2000 ---p 00000000 00:00 0 
613b2000-63000000 rw-p 00000000 00:00 0 
63000000-630fd000 rw-p 00000000 00:00 0 
630fd000-63100000 ---p 00000000 00:00 0 
63121000-63136000 r-xp 00000000 b3:02 529725     /usr/lib/jvm/java-8-openjdk-armhf/jre/lib/arm/libnet.so
63136000-63145000 ---p 00015000 b3:02 529725     /usr/lib/jvm/java-8-openjdk-armhf/jre/lib/arm/libnet.so
63145000-63146000 r--p 00014000 b3:02 529725     /usr/lib/jvm/java-8-openjdk-armhf/jre/lib/arm/libnet.so
63146000-63147000 rw-p 00015000 b3:02 529725     /usr/lib/jvm/java-8-openjdk-armhf/jre/lib/arm/libnet.so
63147000-63164000 r--s 0016e000 b3:02 665096     /home/pi/Downloads/leshan/leshan-client-demo/target/leshan-client-demo-1.0.0-SNAPSHOT-jar-with-dependencies.jar
63164000-6317f000 r--s 001d6000 b3:02 529748     /usr/lib/jvm/java-8-openjdk-armhf/jre/lib/ext/nashorn.jar
6317f000-63180000 ---p 00000000 00:00 0 
63180000-63200000 rw-p 00000000 00:00 0 
63200000-632fc000 rw-p 00000000 00:00 0 
632fc000-63300000 ---p 00000000 00:00 0 
63300000-63321000 rw-p 00000000 00:00 0 
63321000-63400000 ---p 00000000 00:00 0 
63400000-63429000 rw-p 00000000 00:00 0 
63429000-63500000 ---p 00000000 00:00 0 
63505000-63506000 ---p 00000000 00:00 0 
63506000-63509000 ---p 00000000 00:00 0 
63509000-63586000 rw-p 00000000 00:00 0 
63586000-63800000 r--p 0006b000 b3:02 275186     /usr/lib/locale/locale-archive
63800000-63a00000 r--p 00000000 b3:02 275186     /usr/lib/locale/locale-archive
63a00000-63a23000 rw-p 00000000 00:00 0 
63a23000-63b00000 ---p 00000000 00:00 0 
63b00000-63b21000 rw-p 00000000 00:00 0 
63b21000-63c00000 ---p 00000000 00:00 0 
63c0c000-63c10000 r--s 000a1000 b3:02 529766     /usr/lib/jvm/java-8-openjdk-armhf/jre/lib/jsse.jar
63c10000-63c13000 ---p 00000000 00:00 0 
63c13000-63c60000 rw-p 00000000 00:00 0 
63c60000-63c63000 ---p 00000000 00:00 0 
63c63000-63cb0000 rw-p 00000000 00:00 0 
63cb0000-63cb3000 ---p 00000000 00:00 0 
63cb3000-63d00000 rw-p 00000000 00:00 0 
63d00000-63d34000 rw-p 00000000 00:00 0 
63d34000-63e00000 ---p 00000000 00:00 0 
63e02000-63e1d000 r--s 00394000 b3:02 529743     /usr/lib/jvm/java-8-openjdk-armhf/jre/lib/ext/cldrdata.jar
63e1d000-63e20000 ---p 00000000 00:00 0 
63e20000-63e6d000 rw-p 00000000 00:00 0 
63e6d000-63e6e000 ---p 00000000 00:00 0 
63e6e000-63f3c000 rw-p 00000000 00:00 0 
63f3c000-6410b000 r--s 03c3b000 b3:02 529772     /usr/lib/jvm/java-8-openjdk-armhf/jre/lib/rt.jar
6410b000-645ac000 rw-p 00000000 00:00 0 
645ac000-645b2000 ---p 00000000 00:00 0 
645b2000-645b8000 rw-p 00000000 00:00 0 
645b8000-64600000 ---p 00000000 00:00 0 
64600000-64b50000 rw-p 00000000 00:00 0 
64b50000-69350000 ---p 00000000 00:00 0 
69350000-69e00000 rw-p 00000000 00:00 0 
69e00000-72e00000 ---p 00000000 00:00 0 
72e03000-72e06000 r--s 0000f000 b3:02 529745     /usr/lib/jvm/java-8-openjdk-armhf/jre/lib/ext/icedtea-sound.jar
72e06000-72e0b000 r--s 0003c000 b3:02 529750     /usr/lib/jvm/java-8-openjdk-armhf/jre/lib/ext/sunjce_provider.jar
72e0b000-72e0e000 rw-p 00000000 00:00 0 
72e0e000-72e31000 ---p 00000000 00:00 0 
72e31000-72e37000 rw-p 00000000 00:00 0 
72e37000-72e7f000 ---p 00000000 00:00 0 
72e7f000-72e88000 rw-p 00000000 00:00 0 
72e88000-72f00000 ---p 00000000 00:00 0 
72f00000-730d8000 rwxp 00000000 00:00 0 
730d8000-74f00000 ---p 00000000 00:00 0 
74f00000-74ffe000 rw-p 00000000 00:00 0 
74ffe000-75000000 ---p 00000000 00:00 0 
75000000-75003000 r--s 00039000 b3:02 529751     /usr/lib/jvm/java-8-openjdk-armhf/jre/lib/ext/sunpkcs11.jar
75003000-75005000 r--s 00001000 b3:02 529744     /usr/lib/jvm/java-8-openjdk-armhf/jre/lib/ext/dnsns.jar
75005000-7500f000 r--s 00116000 b3:02 529747     /usr/lib/jvm/java-8-openjdk-armhf/jre/lib/ext/localedata.jar
7500f000-75011000 r--s 00008000 b3:02 529749     /usr/lib/jvm/java-8-openjdk-armhf/jre/lib/ext/sunec.jar
75011000-7501a000 r-xp 00000000 b3:02 261736     /lib/arm-linux-gnueabihf/libnss_files-2.28.so
7501a000-7502a000 ---p 00009000 b3:02 261736     /lib/arm-linux-gnueabihf/libnss_files-2.28.so
7502a000-7502b000 r--p 00009000 b3:02 261736     /lib/arm-linux-gnueabihf/libnss_files-2.28.so
7502b000-7502c000 rw-p 0000a000 b3:02 261736     /lib/arm-linux-gnueabihf/libnss_files-2.28.so
7502c000-75032000 rw-p 00000000 00:00 0 
75032000-75056000 r-xp 00000000 b3:02 529714     /usr/lib/jvm/java-8-openjdk-armhf/jre/lib/arm/libjava.so
75056000-75065000 ---p 00024000 b3:02 529714     /usr/lib/jvm/java-8-openjdk-armhf/jre/lib/arm/libjava.so
75065000-75066000 r--p 00023000 b3:02 529714     /usr/lib/jvm/java-8-openjdk-armhf/jre/lib/arm/libjava.so
75066000-75067000 rw-p 00024000 b3:02 529714     /usr/lib/jvm/java-8-openjdk-armhf/jre/lib/arm/libjava.so
75067000-75072000 r-xp 00000000 b3:02 529731     /usr/lib/jvm/java-8-openjdk-armhf/jre/lib/arm/libverify.so
75072000-75081000 ---p 0000b000 b3:02 529731     /usr/lib/jvm/java-8-openjdk-armhf/jre/lib/arm/libverify.so
75081000-75082000 r--p 0000a000 b3:02 529731     /usr/lib/jvm/java-8-openjdk-armhf/jre/lib/arm/libverify.so
75082000-75083000 rw-p 0000b000 b3:02 529731     /usr/lib/jvm/java-8-openjdk-armhf/jre/lib/arm/libverify.so
75083000-75089000 r-xp 00000000 b3:02 261765     /lib/arm-linux-gnueabihf/librt-2.28.so
75089000-75098000 ---p 00006000 b3:02 261765     /lib/arm-linux-gnueabihf/librt-2.28.so
75098000-75099000 r--p 00005000 b3:02 261765     /lib/arm-linux-gnueabihf/librt-2.28.so
75099000-7509a000 rw-p 00006000 b3:02 261765     /lib/arm-linux-gnueabihf/librt-2.28.so
7509a000-7509b000 ---p 00000000 00:00 0 
7509b000-7509e000 ---p 00000000 00:00 0 
7509e000-750eb000 rw-p 00000000 00:00 0 
750eb000-75107000 r-xp 00000000 b3:02 261712     /lib/arm-linux-gnueabihf/libgcc_s.so.1
75107000-75116000 ---p 0001c000 b3:02 261712     /lib/arm-linux-gnueabihf/libgcc_s.so.1
75116000-75117000 r--p 0001b000 b3:02 261712     /lib/arm-linux-gnueabihf/libgcc_s.so.1
75117000-75118000 rw-p 0001c000 b3:02 261712     /lib/arm-linux-gnueabihf/libgcc_s.so.1
75118000-75189000 r-xp 00000000 b3:02 261722     /lib/arm-linux-gnueabihf/libm-2.28.so
75189000-75198000 ---p 00071000 b3:02 261722     /lib/arm-linux-gnueabihf/libm-2.28.so
75198000-75199000 r--p 00070000 b3:02 261722     /lib/arm-linux-gnueabihf/libm-2.28.so
75199000-7519a000 rw-p 00071000 b3:02 261722     /lib/arm-linux-gnueabihf/libm-2.28.so
7519a000-752c8000 r-xp 00000000 b3:02 272920     /usr/lib/arm-linux-gnueabihf/libstdc++.so.6.0.25
752c8000-752d8000 ---p 0012e000 b3:02 272920     /usr/lib/arm-linux-gnueabihf/libstdc++.so.6.0.25
752d8000-752dd000 r--p 0012e000 b3:02 272920     /usr/lib/arm-linux-gnueabihf/libstdc++.so.6.0.25
752dd000-752df000 rw-p 00133000 b3:02 272920     /usr/lib/arm-linux-gnueabihf/libstdc++.so.6.0.25
752df000-752e1000 rw-p 00000000 00:00 0 
752e1000-758cf000 r-xp 00000000 b3:02 529698     /usr/lib/jvm/java-8-openjdk-armhf/jre/lib/arm/client/libjvm.so
758cf000-758df000 ---p 005ee000 b3:02 529698     /usr/lib/jvm/java-8-openjdk-armhf/jre/lib/arm/client/libjvm.so
758df000-758ef000 r--p 005ee000 b3:02 529698     /usr/lib/jvm/java-8-openjdk-armhf/jre/lib/arm/client/libjvm.so
758ef000-75907000 rw-p 005fe000 b3:02 529698     /usr/lib/jvm/java-8-openjdk-armhf/jre/lib/arm/client/libjvm.so
75907000-76d22000 rw-p 00000000 00:00 0 
76d22000-76e5a000 r-xp 00000000 b3:02 261697     /lib/arm-linux-gnueabihf/libc-2.28.so
76e5a000-76e6a000 ---p 00138000 b3:02 261697     /lib/arm-linux-gnueabihf/libc-2.28.so
76e6a000-76e6c000 r--p 00138000 b3:02 261697     /lib/arm-linux-gnueabihf/libc-2.28.so
76e6c000-76e6d000 rw-p 0013a000 b3:02 261697     /lib/arm-linux-gnueabihf/libc-2.28.so
76e6d000-76e70000 rw-p 00000000 00:00 0 
76e70000-76e72000 r-xp 00000000 b3:02 261705     /lib/arm-linux-gnueabihf/libdl-2.28.so
76e72000-76e81000 ---p 00002000 b3:02 261705     /lib/arm-linux-gnueabihf/libdl-2.28.so
76e81000-76e82000 r--p 00001000 b3:02 261705     /lib/arm-linux-gnueabihf/libdl-2.28.so
76e82000-76e83000 rw-p 00002000 b3:02 261705     /lib/arm-linux-gnueabihf/libdl-2.28.so
76e83000-76e91000 r-xp 00000000 b3:02 529700     /usr/lib/jvm/java-8-openjdk-armhf/jre/lib/arm/jli/libjli.so
76e91000-76ea0000 ---p 0000e000 b3:02 529700     /usr/lib/jvm/java-8-openjdk-armhf/jre/lib/arm/jli/libjli.so
76ea0000-76ea1000 r--p 0000d000 b3:02 529700     /usr/lib/jvm/java-8-openjdk-armhf/jre/lib/arm/jli/libjli.so
76ea1000-76ea2000 rw-p 0000e000 b3:02 529700     /usr/lib/jvm/java-8-openjdk-armhf/jre/lib/arm/jli/libjli.so
76ea2000-76ebc000 r-xp 00000000 b3:02 261784     /lib/arm-linux-gnueabihf/libz.so.1.2.11
76ebc000-76ecb000 ---p 0001a000 b3:02 261784     /lib/arm-linux-gnueabihf/libz.so.1.2.11
76ecb000-76ecc000 r--p 00019000 b3:02 261784     /lib/arm-linux-gnueabihf/libz.so.1.2.11
76ecc000-76ecd000 rw-p 0001a000 b3:02 261784     /lib/arm-linux-gnueabihf/libz.so.1.2.11
76ecd000-76ee4000 r-xp 00000000 b3:02 261761     /lib/arm-linux-gnueabihf/libpthread-2.28.so
76ee4000-76ef3000 ---p 00017000 b3:02 261761     /lib/arm-linux-gnueabihf/libpthread-2.28.so
76ef3000-76ef4000 r--p 00016000 b3:02 261761     /lib/arm-linux-gnueabihf/libpthread-2.28.so
76ef4000-76ef5000 rw-p 00017000 b3:02 261761     /lib/arm-linux-gnueabihf/libpthread-2.28.so
76ef5000-76ef7000 rw-p 00000000 00:00 0 
76ef7000-76efe000 r-xp 00000000 b3:02 272390     /usr/lib/arm-linux-gnueabihf/libatomic.so.1.2.0
76efe000-76f0d000 ---p 00007000 b3:02 272390     /usr/lib/arm-linux-gnueabihf/libatomic.so.1.2.0
76f0d000-76f0e000 r--p 00006000 b3:02 272390     /usr/lib/arm-linux-gnueabihf/libatomic.so.1.2.0
76f0e000-76f0f000 rw-p 00007000 b3:02 272390     /usr/lib/arm-linux-gnueabihf/libatomic.so.1.2.0
76f0f000-76f10000 rw-p 00000000 00:00 0 
76f11000-76f12000 r--s 0000a000 b3:02 529746     /usr/lib/jvm/java-8-openjdk-armhf/jre/lib/ext/jaccess.jar
76f12000-76f19000 r-xp 00000000 b3:02 529732     /usr/lib/jvm/java-8-openjdk-armhf/jre/lib/arm/libzip.so
76f19000-76f28000 ---p 00007000 b3:02 529732     /usr/lib/jvm/java-8-openjdk-armhf/jre/lib/arm/libzip.so
76f28000-76f29000 r--p 00006000 b3:02 529732     /usr/lib/jvm/java-8-openjdk-armhf/jre/lib/arm/libzip.so
76f29000-76f2a000 rw-p 00007000 b3:02 529732     /usr/lib/jvm/java-8-openjdk-armhf/jre/lib/arm/libzip.so
76f2a000-76f2e000 r-xp 00000000 b3:02 272380     /usr/lib/arm-linux-gnueabihf/libarmmem-v7l.so
76f2e000-76f3d000 ---p 00004000 b3:02 272380     /usr/lib/arm-linux-gnueabihf/libarmmem-v7l.so
76f3d000-76f3e000 r--p 00003000 b3:02 272380     /usr/lib/arm-linux-gnueabihf/libarmmem-v7l.so
76f3e000-76f3f000 rw-p 00004000 b3:02 272380     /usr/lib/arm-linux-gnueabihf/libarmmem-v7l.so
76f3f000-76f5f000 r-xp 00000000 b3:02 261615     /lib/arm-linux-gnueabihf/ld-2.28.so
76f5f000-76f60000 r--s 00010000 b3:02 529752     /usr/lib/jvm/java-8-openjdk-armhf/jre/lib/ext/zipfs.jar
76f60000-76f62000 r--s 00007000 b3:02 162059     /usr/share/java/java-atk-wrapper.jar
76f62000-76f6a000 rw-s 00000000 b3:02 414133     /tmp/hsperfdata_root/26577
76f6a000-76f6b000 r--p 00000000 00:00 0 
76f6b000-76f6f000 rw-p 00000000 00:00 0 
76f6f000-76f70000 r--p 00020000 b3:02 261615     /lib/arm-linux-gnueabihf/ld-2.28.so
76f70000-76f71000 rw-p 00021000 b3:02 261615     /lib/arm-linux-gnueabihf/ld-2.28.so
7ea27000-7ea48000 rw-p 00000000 00:00 0          [stack]
7ed41000-7ed42000 r-xp 00000000 00:00 0          [sigpage]
7ed42000-7ed43000 r--p 00000000 00:00 0          [vvar]
7ed43000-7ed44000 r-xp 00000000 00:00 0          [vdso]
ffff0000-ffff1000 r-xp 00000000 00:00 0          [vectors]

VM Arguments:
java_command: leshan-client-demo/target/leshan-client-demo-1.0.0-SNAPSHOT-jar-with-dependencies.jar -u 192.168.1.25
java_class_path (initial): leshan-client-demo/target/leshan-client-demo-1.0.0-SNAPSHOT-jar-with-dependencies.jar
Launcher Type: SUN_STANDARD

Environment Variables:
PATH=/usr/local/sbin:/usr/local/bin:/usr/sbin:/usr/bin:/sbin:/bin
SHELL=/bin/bash

Signal Handlers:
SIGSEGV: [libjvm.so+0x57b11c], sa_mask[0]=11111111011111111101111111111110, sa_flags=SA_RESTART|SA_SIGINFO
SIGBUS: [libjvm.so+0x57b11c], sa_mask[0]=11111111011111111101111111111110, sa_flags=SA_RESTART|SA_SIGINFO
SIGFPE: [libjvm.so+0x453b70], sa_mask[0]=11111111011111111101111111111110, sa_flags=SA_RESTART|SA_SIGINFO
SIGPIPE: [libjvm.so+0x453b70], sa_mask[0]=11111111011111111101111111111110, sa_flags=SA_RESTART|SA_SIGINFO
SIGXFSZ: [libjvm.so+0x453b70], sa_mask[0]=11111111011111111101111111111110, sa_flags=SA_RESTART|SA_SIGINFO
SIGILL: [libjvm.so+0x453b70], sa_mask[0]=11111111011111111101111111111110, sa_flags=SA_RESTART|SA_SIGINFO
SIGUSR1: SIG_DFL, sa_mask[0]=00000000000000000000000000000000, sa_flags=none
SIGUSR2: [libjvm.so+0x45398c], sa_mask[0]=00000000000000000000000000000000, sa_flags=SA_RESTART|SA_SIGINFO
SIGHUP: [libjvm.so+0x453ad8], sa_mask[0]=11111111011111111101111111111110, sa_flags=SA_RESTART|SA_SIGINFO
SIGINT: [libjvm.so+0x453ad8], sa_mask[0]=11111111011111111101111111111110, sa_flags=SA_RESTART|SA_SIGINFO
SIGTERM: [libjvm.so+0x453ad8], sa_mask[0]=11111111011111111101111111111110, sa_flags=SA_RESTART|SA_SIGINFO
SIGQUIT: [libjvm.so+0x453ad8], sa_mask[0]=11111111011111111101111111111110, sa_flags=SA_RESTART|SA_SIGINFO


---------------  S Y S T E M  ---------------

OS:PRETTY_NAME="Raspbian GNU/Linux 10 (buster)"
NAME="Raspbian GNU/Linux"
VERSION_ID="10"
VERSION="10 (buster)"
VERSION_CODENAME=buster
ID=raspbian
ID_LIKE=debian
HOME_URL="http://www.raspbian.org/"
SUPPORT_URL="http://www.raspbian.org/RaspbianForums"
BUG_REPORT_URL="http://www.raspbian.org/RaspbianBugs"

uname:Linux 4.19.97-v7+ #1294 SMP Thu Jan 30 13:15:58 GMT 2020 armv7l
libc:glibc 2.28 NPTL 2.28 
rlimit: STACK 8192k, CORE 0k, NPROC 7336, NOFILE 1048576, AS infinity
load average:1.98 1.61 1.37

/proc/meminfo:
MemTotal:         948296 kB
MemFree:          225428 kB
MemAvailable:     364016 kB
Buffers:           14316 kB
Cached:           176236 kB
SwapCached:         2928 kB
Active:           345992 kB
Inactive:         271988 kB
Active(anon):     237392 kB
Inactive(anon):   211812 kB
Active(file):     108600 kB
Inactive(file):    60176 kB
Unevictable:          16 kB
Mlocked:              16 kB
SwapTotal:        102396 kB
SwapFree:              0 kB
Dirty:              2028 kB
Writeback:             0 kB
AnonPages:        424852 kB
Mapped:            90836 kB
Shmem:             21680 kB
Slab:              77560 kB
SReclaimable:      29720 kB
SUnreclaim:        47840 kB
KernelStack:        3144 kB
PageTables:        10648 kB
NFS_Unstable:          0 kB
Bounce:                0 kB
WritebackTmp:          0 kB
CommitLimit:      576544 kB
Committed_AS:    2574144 kB
VmallocTotal:    1114112 kB
VmallocUsed:           0 kB
VmallocChunk:          0 kB
Percpu:              784 kB
CmaTotal:           8192 kB
CmaFree:            6020 kB

container (cgroup) information:
container_type: cgroupv1
cpu_cpuset_cpus: 0-3
cpu_memory_nodes: 0
active_processor_count: 4
cpu_quota: -2
cpu_period: -2
cpu_shares: -1
memory_limit_in_bytes: -1
memory_and_swap_limit_in_bytes: -2
memory_soft_limit_in_bytes: -1
memory_usage_in_bytes: 69529600
memory_max_usage_in_bytes: 318853120


CPU:total 4 (initial active 4) 0x41:0x0:0xd03:4

/proc/cpuinfo:
processor	: 0
model name	: ARMv7 Processor rev 4 (v7l)
BogoMIPS	: 76.80
Features	: half thumb fastmult vfp edsp neon vfpv3 tls vfpv4 idiva idivt vfpd32 lpae evtstrm crc32 
CPU implementer	: 0x41
CPU architecture: 7
CPU variant	: 0x0
CPU part	: 0xd03
CPU revision	: 4

processor	: 1
model name	: ARMv7 Processor rev 4 (v7l)
BogoMIPS	: 76.80
Features	: half thumb fastmult vfp edsp neon vfpv3 tls vfpv4 idiva idivt vfpd32 lpae evtstrm crc32 
CPU implementer	: 0x41
CPU architecture: 7
CPU variant	: 0x0
CPU part	: 0xd03
CPU revision	: 4

processor	: 2
model name	: ARMv7 Processor rev 4 (v7l)
BogoMIPS	: 76.80
Features	: half thumb fastmult vfp edsp neon vfpv3 tls vfpv4 idiva idivt vfpd32 lpae evtstrm crc32 
CPU implementer	: 0x41
CPU architecture: 7
CPU variant	: 0x0
CPU part	: 0xd03
CPU revision	: 4

processor	: 3
model name	: ARMv7 Processor rev 4 (v7l)
BogoMIPS	: 76.80
Features	: half thumb fastmult vfp edsp neon vfpv3 tls vfpv4 idiva idivt vfpd32 lpae evtstrm crc32 
CPU implementer	: 0x41
CPU architecture: 7
CPU variant	: 0x0
CPU part	: 0xd03
CPU revision	: 4

Hardware	: BCM2835
Revision	: a52082
Serial		: 00000000b56dd48f
Model		: Raspberry Pi 3 Model B Rev 1.2


Memory: 4k page, physical 948296k(225428k free), swap 102396k(0k free)

vm_info: OpenJDK Client VM (25.212-b01) for linux-aarch32 JRE (1.8.0_212-8u212-b01-1+rpi1-b01), built on Mar 29 2019 13:54:02 by "root" with gcc 8.3.0

time: Wed Mar  4 02:20:43 2020
timezone: GMT
elapsed time: 4040 seconds (0d 1h 7m 20s)

